0 info it worked if it ends with ok
1 verbose cli [ 'D:\\env\\node\\\\node.exe',
1 verbose cli   'D:\\env\\node\\node_modules\\npm\\bin\\npm-cli.js',
1 verbose cli   'install' ]
2 info using npm@1.4.28
3 info using node@v0.10.33
4 verbose node symlink D:\env\node\\node.exe
5 verbose readDependencies using package.json deps
6 verbose install where, deps [ 'E:\\workspace-nodejs\\blog',
6 verbose install   [ 'express',
6 verbose install     'ejs',
6 verbose install     'mongodb',
6 verbose install     'connect-mongo',
6 verbose install     'connect-flash',
6 verbose install     'markdown',
6 verbose install     'passport',
6 verbose install     'passport-gihub' ] ]
7 info preinstall blog@0.0.1
8 verbose readDependencies using package.json deps
9 verbose already installed skipping express@3.5.0 E:\workspace-nodejs\blog
10 verbose already installed skipping ejs@* E:\workspace-nodejs\blog
11 verbose already installed skipping mongodb@* E:\workspace-nodejs\blog
12 verbose already installed skipping connect-mongo@* E:\workspace-nodejs\blog
13 verbose already installed skipping connect-flash@* E:\workspace-nodejs\blog
14 verbose already installed skipping markdown@* E:\workspace-nodejs\blog
15 verbose cache add [ 'passport@*', null ]
16 verbose cache add name=undefined spec="passport@*" args=["passport@*",null]
17 verbose parsed url { protocol: null,
17 verbose parsed url   slashes: null,
17 verbose parsed url   auth: null,
17 verbose parsed url   host: null,
17 verbose parsed url   port: null,
17 verbose parsed url   hostname: null,
17 verbose parsed url   hash: null,
17 verbose parsed url   search: null,
17 verbose parsed url   query: null,
17 verbose parsed url   pathname: 'passport@*',
17 verbose parsed url   path: 'passport@*',
17 verbose parsed url   href: 'passport@*' }
18 verbose cache add [ 'passport-gihub@*', null ]
19 verbose cache add name=undefined spec="passport-gihub@*" args=["passport-gihub@*",null]
20 verbose parsed url { protocol: null,
20 verbose parsed url   slashes: null,
20 verbose parsed url   auth: null,
20 verbose parsed url   host: null,
20 verbose parsed url   port: null,
20 verbose parsed url   hostname: null,
20 verbose parsed url   hash: null,
20 verbose parsed url   search: null,
20 verbose parsed url   query: null,
20 verbose parsed url   pathname: 'passport-gihub@*',
20 verbose parsed url   path: 'passport-gihub@*',
20 verbose parsed url   href: 'passport-gihub@*' }
21 verbose cache add name="passport" spec="*" args=["passport","*"]
22 verbose parsed url { protocol: null,
22 verbose parsed url   slashes: null,
22 verbose parsed url   auth: null,
22 verbose parsed url   host: null,
22 verbose parsed url   port: null,
22 verbose parsed url   hostname: null,
22 verbose parsed url   hash: null,
22 verbose parsed url   search: null,
22 verbose parsed url   query: null,
22 verbose parsed url   pathname: '*',
22 verbose parsed url   path: '*',
22 verbose parsed url   href: '*' }
23 verbose addNamed [ 'passport', '*' ]
24 verbose addNamed [ null, '*' ]
25 verbose cache add name="passport-gihub" spec="*" args=["passport-gihub","*"]
26 verbose parsed url { protocol: null,
26 verbose parsed url   slashes: null,
26 verbose parsed url   auth: null,
26 verbose parsed url   host: null,
26 verbose parsed url   port: null,
26 verbose parsed url   hostname: null,
26 verbose parsed url   hash: null,
26 verbose parsed url   search: null,
26 verbose parsed url   query: null,
26 verbose parsed url   pathname: '*',
26 verbose parsed url   path: '*',
26 verbose parsed url   href: '*' }
27 verbose addNamed [ 'passport-gihub', '*' ]
28 verbose addNamed [ null, '*' ]
29 silly lockFile 55e2d188-passport passport@*
30 verbose lock passport@* C:\Users\Administrator\AppData\Roaming\npm-cache\55e2d188-passport.lock
31 silly lockFile be1b5404-passport-gihub passport-gihub@*
32 verbose lock passport-gihub@* C:\Users\Administrator\AppData\Roaming\npm-cache\be1b5404-passport-gihub.lock
33 silly addNameRange { name: 'passport', range: '*', hasData: false }
34 silly addNameRange { name: 'passport-gihub', range: '*', hasData: false }
35 verbose request where is /passport-gihub
36 verbose request registry https://registry.npmjs.org/
37 verbose request id 44702fb81e2799ef
38 verbose url raw /passport-gihub
39 verbose url resolving [ 'https://registry.npmjs.org/', './passport-gihub' ]
40 verbose url resolved https://registry.npmjs.org/passport-gihub
41 verbose request where is https://registry.npmjs.org/passport-gihub
42 info trying registry request attempt 1 at 13:45:05
43 http GET https://registry.npmjs.org/passport-gihub
44 verbose request where is /passport
45 verbose request registry https://registry.npmjs.org/
46 verbose url raw /passport
47 verbose url resolving [ 'https://registry.npmjs.org/', './passport' ]
48 verbose url resolved https://registry.npmjs.org/passport
49 verbose request where is https://registry.npmjs.org/passport
50 info trying registry request attempt 1 at 13:45:05
51 verbose etag "2T6LLQOTUE6LRP8RD8SUZ5MIG"
52 http GET https://registry.npmjs.org/passport
53 http 404 https://registry.npmjs.org/passport-gihub
54 verbose headers { date: 'Sun, 09 Nov 2014 05:44:44 GMT',
54 verbose headers   server: 'CouchDB/1.5.0 (Erlang OTP/R16B03)',
54 verbose headers   'content-type': 'application/json',
54 verbose headers   'cache-control': 'max-age=0',
54 verbose headers   'content-length': '52',
54 verbose headers   'accept-ranges': 'bytes',
54 verbose headers   via: '1.1 varnish',
54 verbose headers   age: '0',
54 verbose headers   'x-served-by': 'cache-ty66-TYO',
54 verbose headers   'x-cache': 'MISS',
54 verbose headers   'x-cache-hits': '0',
54 verbose headers   'x-timer': 'S1415511884.758457,VS0,VE184',
54 verbose headers   'keep-alive': 'timeout=10, max=50',
54 verbose headers   connection: 'Keep-Alive' }
55 silly registry.get cb [ 404,
55 silly registry.get   { date: 'Sun, 09 Nov 2014 05:44:44 GMT',
55 silly registry.get     server: 'CouchDB/1.5.0 (Erlang OTP/R16B03)',
55 silly registry.get     'content-type': 'application/json',
55 silly registry.get     'cache-control': 'max-age=0',
55 silly registry.get     'content-length': '52',
55 silly registry.get     'accept-ranges': 'bytes',
55 silly registry.get     via: '1.1 varnish',
55 silly registry.get     age: '0',
55 silly registry.get     'x-served-by': 'cache-ty66-TYO',
55 silly registry.get     'x-cache': 'MISS',
55 silly registry.get     'x-cache-hits': '0',
55 silly registry.get     'x-timer': 'S1415511884.758457,VS0,VE184',
55 silly registry.get     'keep-alive': 'timeout=10, max=50',
55 silly registry.get     connection: 'Keep-Alive' } ]
56 silly lockFile be1b5404-passport-gihub passport-gihub@*
57 silly lockFile be1b5404-passport-gihub passport-gihub@*
58 http 304 https://registry.npmjs.org/passport
59 silly registry.get cb [ 304,
59 silly registry.get   { date: 'Sun, 09 Nov 2014 05:44:44 GMT',
59 silly registry.get     server: 'Apache',
59 silly registry.get     via: '1.1 varnish',
59 silly registry.get     'last-modified': 'Sun, 09 Nov 2014 05:44:45 GMT',
59 silly registry.get     'cache-control': 'max-age=60',
59 silly registry.get     etag: '"2T6LLQOTUE6LRP8RD8SUZ5MIG"',
59 silly registry.get     age: '0',
59 silly registry.get     'x-served-by': 'cache-ty67-TYO',
59 silly registry.get     'x-cache': 'HIT',
59 silly registry.get     'x-cache-hits': '1',
59 silly registry.get     'x-timer': 'S1415511884.755591,VS0,VE507',
59 silly registry.get     vary: 'Accept',
59 silly registry.get     'content-length': '0',
59 silly registry.get     'keep-alive': 'timeout=10, max=50',
59 silly registry.get     connection: 'Keep-Alive' } ]
60 verbose etag https://registry.npmjs.org/passport from cache
61 silly addNameRange number 2 { name: 'passport', range: '*', hasData: true }
62 silly addNameRange versions [ 'passport',
62 silly addNameRange   [ '0.1.0',
62 silly addNameRange     '0.1.1',
62 silly addNameRange     '0.1.2',
62 silly addNameRange     '0.1.3',
62 silly addNameRange     '0.1.4',
62 silly addNameRange     '0.1.5',
62 silly addNameRange     '0.1.6',
62 silly addNameRange     '0.1.7',
62 silly addNameRange     '0.1.8',
62 silly addNameRange     '0.1.9',
62 silly addNameRange     '0.1.10',
62 silly addNameRange     '0.1.11',
62 silly addNameRange     '0.1.12',
62 silly addNameRange     '0.1.13',
62 silly addNameRange     '0.1.14',
62 silly addNameRange     '0.1.15',
62 silly addNameRange     '0.1.16',
62 silly addNameRange     '0.1.17',
62 silly addNameRange     '0.1.18',
62 silly addNameRange     '0.2.0',
62 silly addNameRange     '0.2.1' ] ]
63 verbose addNamed [ 'passport', '0.2.1' ]
64 verbose addNamed [ '0.2.1', '0.2.1' ]
65 silly lockFile b563cf22-passport-0-2-1 passport@0.2.1
66 verbose lock passport@0.2.1 C:\Users\Administrator\AppData\Roaming\npm-cache\b563cf22-passport-0-2-1.lock
67 silly lockFile b563cf22-passport-0-2-1 passport@0.2.1
68 silly lockFile b563cf22-passport-0-2-1 passport@0.2.1
69 silly lockFile 55e2d188-passport passport@*
70 silly lockFile 55e2d188-passport passport@*
71 error 404 404 Not Found: passport-gihub
71 error 404
71 error 404 'passport-gihub' is not in the npm registry.
71 error 404 You should bug the author to publish it
71 error 404 It was specified as a dependency of 'blog'
71 error 404
71 error 404 Note that you can also install from a
71 error 404 tarball, folder, or http url, or git url.
72 error System Windows_NT 6.1.7601
73 error command "D:\\env\\node\\\\node.exe" "D:\\env\\node\\node_modules\\npm\\bin\\npm-cli.js" "install"
74 error cwd E:\workspace-nodejs\blog
75 error node -v v0.10.33
76 error npm -v 1.4.28
77 error code E404
78 verbose exit [ 1, true ]
